<?xml version="1.0" encoding="UTF-8"?>
<!-- Generated by org.testng.reporters.JUnitReportReporter -->
<testsuite hostname="DESKTOP-NI7S81B" failures="0" tests="3" name="com.crm.qa.testcases.LoginPageTest" time="51.906" errors="0" timestamp="2022-11-16T10:11:19 IST" skipped="0">
  <testcase classname="com.crm.qa.testcases.LoginPageTest" name="loginTest" time="13.546"/>
  <system-out/>
  <testcase classname="com.crm.qa.testcases.LoginPageTest" name="landingPageTitleTest" time="27.851"/>
  <system-out/>
  <testcase classname="com.crm.qa.testcases.LoginPageTest" name="validatelogoTest" time="10.509"/>
  <system-out/>
</testsuite> <!-- com.crm.qa.testcases.LoginPageTest -->
