<?xml version="1.0" encoding="UTF-8"?>
<!-- Generated by org.testng.reporters.JUnitReportReporter -->
<testsuite hostname="DESKTOP-NI7S81B" failures="0" tests="3" name="com.crm.qa.testcases.TaskPageTest" time="71.466" errors="0" timestamp="2022-11-16T10:11:19 IST" skipped="0">
  <testcase classname="com.crm.qa.testcases.TaskPageTest" name="searchCustmerByNameTest" time="31.079"/>
  <system-out/>
  <testcase classname="com.crm.qa.testcases.TaskPageTest" name="verifyTaskPageTitleTest" time="19.510"/>
  <system-out/>
  <testcase classname="com.crm.qa.testcases.TaskPageTest" name="verifyCustmerSearchTextboxTest" time="20.877"/>
  <system-out/>
</testsuite> <!-- com.crm.qa.testcases.TaskPageTest -->
